127.0.0.1 - - [30/Apr/2018:00:26:26 +0000] "GET / HTTP/1.1" 200 1281
127.0.0.1 - - [30/Apr/2018:00:26:26 +0000] "GET /bitnami.css HTTP/1.1" 200 798
127.0.0.1 - - [30/Apr/2018:00:26:27 +0000] "GET /img/tab1_welcome.png HTTP/1.1" 200 1009
127.0.0.1 - - [30/Apr/2018:00:26:27 +0000] "GET /img/bitnami.png?1186088387 HTTP/1.1" 200 3738
127.0.0.1 - - [30/Apr/2018:00:26:27 +0000] "GET /img/tab2_welcome.png HTTP/1.1" 200 1053
127.0.0.1 - - [30/Apr/2018:00:26:27 +0000] "GET /img/wampstack.png HTTP/1.1" 200 3774
127.0.0.1 - - [30/Apr/2018:00:26:27 +0000] "GET /img/tabs_bg.png HTTP/1.1" 200 214
127.0.0.1 - - [30/Apr/2018:00:26:27 +0000] "GET /favicon.ico HTTP/1.1" 200 1150
127.0.0.1 - - [30/Apr/2018:00:28:15 +0000] "GET /applications.html HTTP/1.1" 200 1115
127.0.0.1 - - [30/Apr/2018:00:28:15 +0000] "GET /img/tab1_applications.png HTTP/1.1" 200 954
127.0.0.1 - - [30/Apr/2018:00:28:15 +0000] "GET /img/tab2_applications.png HTTP/1.1" 200 1081
127.0.0.1 - - [30/Apr/2018:00:28:15 +0000] "GET /img/module_table_top.png HTTP/1.1" 200 337
127.0.0.1 - - [30/Apr/2018:00:28:15 +0000] "GET /img/module_table_bottom.png HTTP/1.1" 200 751
127.0.0.1 - - [30/Apr/2018:00:28:15 +0000] "GET /img/phpmyadmin-module.png HTTP/1.1" 200 2240
127.0.0.1 - - [30/Apr/2018:00:28:21 +0000] "GET /phpmyadmin/ HTTP/1.1" 200 3297
127.0.0.1 - - [30/Apr/2018:00:28:23 +0000] "GET /phpmyadmin/themes/pmahomme/jquery/jquery-ui.css HTTP/1.1" 200 8486
127.0.0.1 - - [30/Apr/2018:00:28:23 +0000] "GET /phpmyadmin/js/codemirror/addon/hint/show-hint.css?v=4.7.9 HTTP/1.1" 200 324
127.0.0.1 - - [30/Apr/2018:00:28:23 +0000] "GET /phpmyadmin/js/codemirror/addon/lint/lint.css?v=4.7.9 HTTP/1.1" 200 1267
127.0.0.1 - - [30/Apr/2018:00:28:23 +0000] "GET /phpmyadmin/js/codemirror/lib/codemirror.css?v=4.7.9 HTTP/1.1" 200 2452
127.0.0.1 - - [30/Apr/2018:00:28:23 +0000] "GET /phpmyadmin/themes/pmahomme/css/printview.css?v=4.7.9 HTTP/1.1" 200 1024
127.0.0.1 - - [30/Apr/2018:00:28:23 +0000] "GET /phpmyadmin/phpmyadmin.css.php?nocache=4565576865ltr&server=1 HTTP/1.1" 200 20133
127.0.0.1 - - [30/Apr/2018:00:28:23 +0000] "GET /phpmyadmin/js/get_scripts.js.php?scripts%5B%5D=jquery/jquery.ba-hashchange-1.3.js&scripts%5B%5D=jquery/jquery.debounce-1.0.5.js&scripts%5B%5D=menu-resizer.js&scripts%5B%5D=cross_framing_protection.js&scripts%5B%5D=rte.js&scripts%5B%5D=tracekit/tracekit.js&scripts%5B%5D=error_report.js&scripts%5B%5D=config.js&scripts%5B%5D=doclinks.js&scripts%5B%5D=functions.js&v=4.7.9 HTTP/1.1" 200 77066
127.0.0.1 - - [30/Apr/2018:00:28:23 +0000] "GET /phpmyadmin/js/get_scripts.js.php?scripts%5B%5D=codemirror/addon/lint/lint.js&scripts%5B%5D=codemirror/addon/lint/sql-lint.js&scripts%5B%5D=console.js&v=4.7.9 HTTP/1.1" 200 13176
127.0.0.1 - - [30/Apr/2018:00:28:23 +0000] "GET /phpmyadmin/js/get_scripts.js.php?scripts%5B%5D=navigation.js&scripts%5B%5D=indexes.js&scripts%5B%5D=common.js&scripts%5B%5D=page_settings.js&scripts%5B%5D=shortcuts_handler.js&scripts%5B%5D=codemirror/lib/codemirror.js&scripts%5B%5D=codemirror/mode/sql/sql.js&scripts%5B%5D=codemirror/addon/runmode/runmode.js&scripts%5B%5D=codemirror/addon/hint/show-hint.js&scripts%5B%5D=codemirror/addon/hint/sql-hint.js&v=4.7.9 HTTP/1.1" 200 135447
127.0.0.1 - - [30/Apr/2018:00:28:23 +0000] "GET /phpmyadmin/js/get_scripts.js.php?scripts%5B%5D=jquery/jquery.min.js&scripts%5B%5D=jquery/jquery-migrate-3.0.0.js&scripts%5B%5D=sprintf.js&scripts%5B%5D=ajax.js&scripts%5B%5D=keyhandler.js&scripts%5B%5D=jquery/jquery-ui.min.js&scripts%5B%5D=jquery/jquery.cookie.js&scripts%5B%5D=jquery/jquery.mousewheel.js&scripts%5B%5D=jquery/jquery.event.drag-2.2.js&scripts%5B%5D=jquery/jquery-ui-timepicker-addon.js&v=4.7.9 HTTP/1.1" 200 138971
127.0.0.1 - - [30/Apr/2018:00:28:23 +0000] "GET /phpmyadmin/js/whitelist.php?v=4.7.9&lang=en&collation_connection=utf8mb4_unicode_ci&token=9f3883628cae980020c77052690f9c72 HTTP/1.1" 200 475
127.0.0.1 - - [30/Apr/2018:00:28:23 +0000] "GET /phpmyadmin/js/get_image.js.php?theme=pmahomme&v=4.7.9&lang=en&collation_connection=utf8mb4_unicode_ci&token=9f3883628cae980020c77052690f9c72 HTTP/1.1" 200 1841
127.0.0.1 - - [30/Apr/2018:00:28:23 +0000] "GET /phpmyadmin/js/messages.php?l=en&v=4.7.9&lang=en&collation_connection=utf8mb4_unicode_ci&token=9f3883628cae980020c77052690f9c72 HTTP/1.1" 200 8692
127.0.0.1 - - [30/Apr/2018:00:28:24 +0000] "GET /phpmyadmin/themes/dot.gif HTTP/1.1" 200 43
127.0.0.1 - - [30/Apr/2018:00:28:24 +0000] "GET /phpmyadmin/themes/pmahomme/img/logo_right.png HTTP/1.1" 200 4306
127.0.0.1 - - [30/Apr/2018:00:28:24 +0000] "GET /phpmyadmin/favicon.ico HTTP/1.1" 200 22486
127.0.0.1 - - [30/Apr/2018:00:28:24 +0000] "GET /phpmyadmin/themes/pmahomme/img/sprites.png?v=4.7.9 HTTP/1.1" 200 14861
127.0.0.1 - - [30/Apr/2018:00:28:48 +0000] "POST /phpmyadmin/index.php HTTP/1.1" 302 25
127.0.0.1 - - [30/Apr/2018:00:28:53 +0000] "GET /phpmyadmin/phpmyadmin.css.php?nocache=6090624997ltr&server=1 HTTP/1.1" 200 20133
127.0.0.1 - - [30/Apr/2018:00:28:50 +0000] "GET /phpmyadmin/index.php?token=25dc243638b12c7a51788fef10b50fb6 HTTP/1.1" 200 13389
127.0.0.1 - - [30/Apr/2018:00:28:53 +0000] "GET /phpmyadmin/js/whitelist.php?v=4.7.9&token=25dc243638b12c7a51788fef10b50fb6 HTTP/1.1" 200 475
127.0.0.1 - - [30/Apr/2018:00:28:53 +0000] "GET /phpmyadmin/js/get_image.js.php?theme=pmahomme&v=4.7.9&token=25dc243638b12c7a51788fef10b50fb6 HTTP/1.1" 200 1841
127.0.0.1 - - [30/Apr/2018:00:28:53 +0000] "GET /phpmyadmin/js/messages.php?l=en&v=4.7.9&token=25dc243638b12c7a51788fef10b50fb6 HTTP/1.1" 200 8692
127.0.0.1 - - [30/Apr/2018:00:28:53 +0000] "GET /phpmyadmin/themes/pmahomme/img/logo_left.png HTTP/1.1" 200 2713
127.0.0.1 - - [30/Apr/2018:00:28:53 +0000] "GET /phpmyadmin/themes/pmahomme/img/s_collapseall.png HTTP/1.1" 200 143
127.0.0.1 - - [30/Apr/2018:00:28:54 +0000] "GET /phpmyadmin/themes/pmahomme/img/left_nav_bg.png HTTP/1.1" 200 146
127.0.0.1 - - [30/Apr/2018:00:28:53 +0000] "GET /phpmyadmin/themes/pmahomme/img/ajax_clock_small.gif HTTP/1.1" 200 1810
127.0.0.1 - - [30/Apr/2018:00:28:54 +0000] "POST /phpmyadmin/navigation.php?ajax_request=1&token=25dc243638b12c7a51788fef10b50fb6 HTTP/1.1" 200 2029
127.0.0.1 - - [30/Apr/2018:00:28:54 +0000] "POST /phpmyadmin/version_check.php HTTP/1.1" 200 66
127.0.0.1 - - [30/Apr/2018:00:29:09 +0000] "GET /phpmyadmin/server_databases.php?server=1&token=25dc243638b12c7a51788fef10b50fb6&ajax_request=true&ajax_page_request=true&_nocache=1525048149242860378 HTTP/1.1" 200 5928
127.0.0.1 - - [30/Apr/2018:00:29:11 +0000] "GET /phpmyadmin/themes/pmahomme/img/arrow_ltr.png HTTP/1.1" 200 101
127.0.0.1 - - [30/Apr/2018:00:29:11 +0000] "GET /phpmyadmin/js/get_scripts.js.php?scripts%5B%5D=server_databases.js&call_done=1&v=4.7.9&call_done=1&v=4.7.9 HTTP/1.1" 200 2210
127.0.0.1 - - [30/Apr/2018:00:29:20 +0000] "POST /phpmyadmin/server_databases.php HTTP/1.1" 200 1766
127.0.0.1 - - [30/Apr/2018:00:29:22 +0000] "POST /phpmyadmin/navigation.php?ajax_request=1&token=25dc243638b12c7a51788fef10b50fb6 HTTP/1.1" 200 2063
127.0.0.1 - - [30/Apr/2018:00:29:22 +0000] "GET /phpmyadmin/db_structure.php?db=sdev300&token=25dc243638b12c7a51788fef10b50fb6&db=sdev300&ajax_request=true&ajax_page_request=true&_nocache=1525048162330737008 HTTP/1.1" 200 2726
127.0.0.1 - - [30/Apr/2018:00:29:26 +0000] "GET /phpmyadmin/navigation.php?ajax_request=1&token=25dc243638b12c7a51788fef10b50fb6&aPath=cm9vdA%3D%3D.c2RldjMwMA%3D%3D&vPath=cm9vdA%3D%3D.c2RldjMwMA%3D%3D&pos=0&pos2_name=&pos2_value=&searchClause=&searchClause2=&_nocache=1525048166644590954 HTTP/1.1" 200 1413
127.0.0.1 - - [30/Apr/2018:00:29:26 +0000] "GET /phpmyadmin/js/get_scripts.js.php?scripts%5B%5D=db_structure.js&scripts%5B%5D=tbl_change.js&call_done=1&v=4.7.9&call_done=1&v=4.7.9 HTTP/1.1" 200 10913
127.0.0.1 - - [30/Apr/2018:00:29:31 +0000] "GET /phpmyadmin/db_sql.php?db=sdev300&token=25dc243638b12c7a51788fef10b50fb6&ajax_request=true&ajax_page_request=true&_nocache=1525048171912330804 HTTP/1.1" 200 4212
127.0.0.1 - - [30/Apr/2018:00:29:50 +0000] "GET /phpmyadmin/js/get_scripts.js.php?scripts%5B%5D=makegrid.js&scripts%5B%5D=jquery/jquery.uitablefilter.js&scripts%5B%5D=sql.js&call_done=1&v=4.7.9&call_done=1&v=4.7.9 HTTP/1.1" 200 28057
127.0.0.1 - - [30/Apr/2018:00:29:53 +0000] "GET /index.html HTTP/1.1" 200 1281
::1 - - [30/Apr/2018:00:35:47 +0000] "GET / HTTP/1.1" 200 1281
::1 - - [30/Apr/2018:00:35:47 +0000] "GET /bitnami.css HTTP/1.1" 200 798
::1 - - [30/Apr/2018:00:35:47 +0000] "GET /img/bitnami.png?1186088387 HTTP/1.1" 200 3738
::1 - - [30/Apr/2018:00:35:47 +0000] "GET /img/tabs_bg.png HTTP/1.1" 200 214
::1 - - [30/Apr/2018:00:35:47 +0000] "GET /img/tab1_welcome.png HTTP/1.1" 200 1009
::1 - - [30/Apr/2018:00:35:47 +0000] "GET /img/tab2_welcome.png HTTP/1.1" 200 1053
::1 - - [30/Apr/2018:00:35:47 +0000] "GET /img/wampstack.png HTTP/1.1" 200 3774
::1 - - [30/Apr/2018:00:35:47 +0000] "GET /favicon.ico HTTP/1.1" 200 1150
::1 - - [30/Apr/2018:00:42:29 +0000] "GET / HTTP/1.1" 200 1281
::1 - - [30/Apr/2018:00:42:29 +0000] "GET /bitnami.css HTTP/1.1" 200 798
::1 - - [30/Apr/2018:00:42:29 +0000] "GET /img/bitnami.png?1186088387 HTTP/1.1" 200 3738
::1 - - [30/Apr/2018:00:42:29 +0000] "GET /img/tabs_bg.png HTTP/1.1" 200 214
::1 - - [30/Apr/2018:00:42:29 +0000] "GET /img/tab2_welcome.png HTTP/1.1" 200 1053
::1 - - [30/Apr/2018:00:42:29 +0000] "GET /img/tab1_welcome.png HTTP/1.1" 200 1009
::1 - - [30/Apr/2018:00:42:29 +0000] "GET /img/wampstack.png HTTP/1.1" 200 3774
::1 - - [30/Apr/2018:00:42:36 +0000] "GET /Table1.php HTTP/1.1" 200 489
::1 - - [30/Apr/2018:00:42:37 +0000] "GET /image/Rectangle.PNG HTTP/1.1" 404 217
::1 - - [30/Apr/2018:00:42:37 +0000] "GET /image/RightAngleTriangle.PNG HTTP/1.1" 404 226
::1 - - [30/Apr/2018:00:42:37 +0000] "GET /image/Circle.PNG HTTP/1.1" 404 214
::1 - - [30/Apr/2018:00:42:37 +0000] "GET /image/Square.PNG HTTP/1.1" 404 214
::1 - - [30/Apr/2018:00:42:37 +0000] "GET /favicon.ico HTTP/1.1" 200 1150
::1 - - [30/Apr/2018:00:42:45 +0000] "GET /Table2.php HTTP/1.1" 200 1440
::1 - - [30/Apr/2018:00:44:01 +0000] "GET /Table2.php HTTP/1.1" 404 208
::1 - - [30/Apr/2018:00:44:10 +0000] "GET /SDEV300/Table1.php HTTP/1.1" 200 489
::1 - - [30/Apr/2018:00:44:10 +0000] "GET /SDEV300/image/Rectangle.PNG HTTP/1.1" 200 1564
::1 - - [30/Apr/2018:00:44:10 +0000] "GET /SDEV300/image/Circle.PNG HTTP/1.1" 200 13949
::1 - - [30/Apr/2018:00:44:10 +0000] "GET /SDEV300/image/RightAngleTriangle.PNG HTTP/1.1" 200 1580
::1 - - [30/Apr/2018:00:44:10 +0000] "GET /SDEV300/image/Square.PNG HTTP/1.1" 200 15000
::1 - - [30/Apr/2018:00:57:04 +0000] "GET /SDEV300/Table1.php HTTP/1.1" 404 216
::1 - - [30/Apr/2018:00:57:08 +0000] "GET / HTTP/1.1" 200 1281
::1 - - [30/Apr/2018:00:57:09 +0000] "GET /bitnami.css HTTP/1.1" 200 798
::1 - - [30/Apr/2018:00:57:09 +0000] "GET /img/tabs_bg.png HTTP/1.1" 200 214
::1 - - [30/Apr/2018:00:57:09 +0000] "GET /img/bitnami.png?1186088387 HTTP/1.1" 200 3738
::1 - - [30/Apr/2018:00:57:09 +0000] "GET /img/tab1_welcome.png HTTP/1.1" 200 1009
::1 - - [30/Apr/2018:00:57:09 +0000] "GET /img/tab2_welcome.png HTTP/1.1" 200 1053
::1 - - [30/Apr/2018:00:57:09 +0000] "GET /img/wampstack.png HTTP/1.1" 200 3774
::1 - - [30/Apr/2018:00:57:09 +0000] "GET /favicon.ico HTTP/1.1" 200 1150
::1 - - [30/Apr/2018:00:57:11 +0000] "GET /applications.html HTTP/1.1" 200 1115
::1 - - [30/Apr/2018:00:57:12 +0000] "GET /img/tab1_applications.png HTTP/1.1" 200 954
::1 - - [30/Apr/2018:00:57:12 +0000] "GET /img/tab2_applications.png HTTP/1.1" 200 1081
::1 - - [30/Apr/2018:00:57:12 +0000] "GET /img/module_table_top.png HTTP/1.1" 200 337
::1 - - [30/Apr/2018:00:57:12 +0000] "GET /img/phpmyadmin-module.png HTTP/1.1" 200 2240
::1 - - [30/Apr/2018:00:57:12 +0000] "GET /img/module_table_bottom.png HTTP/1.1" 200 751
::1 - - [24/May/2019:19:45:13 +0000] "GET / HTTP/1.1" 200 1281
::1 - - [24/May/2019:19:45:14 +0000] "GET /bitnami.css HTTP/1.1" 200 798
::1 - - [24/May/2019:19:45:14 +0000] "GET /img/tabs_bg.png HTTP/1.1" 304 -
::1 - - [24/May/2019:19:45:14 +0000] "GET /img/bitnami.png?1186088387 HTTP/1.1" 304 -
::1 - - [24/May/2019:19:45:14 +0000] "GET /img/tab1_welcome.png HTTP/1.1" 304 -
::1 - - [24/May/2019:19:45:14 +0000] "GET /img/tab2_welcome.png HTTP/1.1" 304 -
::1 - - [24/May/2019:19:45:14 +0000] "GET /img/wampstack.png HTTP/1.1" 304 -
::1 - - [28/May/2019:20:45:46 +0000] "GET /SDEV300/HelloSDEV.html HTTP/1.1" 200 157
::1 - - [28/May/2019:20:46:05 +0000] "GET /SDEV300/HelloSDEV.html HTTP/1.1" 200 158
::1 - - [28/May/2019:20:47:07 +0000] "GET /SDEV300/HelloSDEV.html HTTP/1.1" 200 344
::1 - - [28/May/2019:20:47:27 +0000] "GET /SDEV300/HelloSDEV.html HTTP/1.1" 200 541
::1 - - [28/May/2019:20:48:10 +0000] "GET /SDEV300/HelloSDEV.html HTTP/1.1" 200 574
::1 - - [28/May/2019:20:48:34 +0000] "GET /SDEV300/HelloSDEV.html HTTP/1.1" 200 684
::1 - - [28/May/2019:20:48:49 +0000] "GET /SDEV300/HelloSDEV.html HTTP/1.1" 200 883
::1 - - [28/May/2019:21:32:28 +0000] "GET /SDEV300/index.html HTTP/1.1" 200 1360
::1 - - [28/May/2019:21:35:41 +0000] "GET /SDEV300/index.html HTTP/1.1" 200 1385
::1 - - [28/May/2019:21:41:33 +0000] "GET /SDEV300/index.html HTTP/1.1" 200 1540
::1 - - [28/May/2019:21:41:33 +0000] "GET /SDEV300/styles.css%3C/head%3E%3Cbody%3E%3Ch1%3EWelcome%20to%20Custom%20Guitar%20Resellers%20!%20%3C/h1%3E%3Cp%3E%3C!--%20About%20--%3E%3Cp%3EWe%20resell%20really%20cool%20and%20custom%20guitars%20from%20all%20over%20the%20world.%20Take%20a%20look%20at%20our%20guitars.%3Cul%3E%3Cli%3EElectric%20Guitars%20%3C/li%3E%3Cli%3EAcoustic%20Guitars%3C/li%3E%3Cli%3EElectric%20Bass%20Guitars%3C/li%3E%3Cli%3EAcoustic%20Bass%20Guitars%3C/li%3E%3Cli%3EDIY%20Kits%3C/li%3E%3C/ul%3E%3C/p%3E%3C!--%20Merchandise%20and%20links%20in%20a%20table%20--%3E%3Cp%3ECheck%20out%20our%20Gutiars:%3C/p%3E%3Ctable%20border= HTTP/1.1" 403 765
::1 - - [28/May/2019:21:41:55 +0000] "GET /SDEV300/index.html HTTP/1.1" 200 1541
::1 - - [28/May/2019:21:41:55 +0000] "GET /SDEV300/styles.css%3E%3C/head%3E%3Cbody%3E%3Ch1%3EWelcome%20to%20Custom%20Guitar%20Resellers%20!%20%3C/h1%3E%3Cp%3E%3C!--%20About%20--%3E%3Cp%3EWe%20resell%20really%20cool%20and%20custom%20guitars%20from%20all%20over%20the%20world.%20Take%20a%20look%20at%20our%20guitars.%3Cul%3E%3Cli%3EElectric%20Guitars%20%3C/li%3E%3Cli%3EAcoustic%20Guitars%3C/li%3E%3Cli%3EElectric%20Bass%20Guitars%3C/li%3E%3Cli%3EAcoustic%20Bass%20Guitars%3C/li%3E%3Cli%3EDIY%20Kits%3C/li%3E%3C/ul%3E%3C/p%3E%3C!--%20Merchandise%20and%20links%20in%20a%20table%20--%3E%3Cp%3ECheck%20out%20our%20Gutiars:%3C/p%3E%3Ctable%20border= HTTP/1.1" 403 769
::1 - - [28/May/2019:21:41:55 +0000] "GET /SDEV300/styles.css%3E%3C/head%3E%3Cbody%3E%3Ch1%3EWelcome%20to%20Custom%20Guitar%20Resellers%20!%20%3C/h1%3E%3Cp%3E%3C!--%20About%20--%3E%3Cp%3EWe%20resell%20really%20cool%20and%20custom%20guitars%20from%20all%20over%20the%20world.%20Take%20a%20look%20at%20our%20guitars.%3Cul%3E%3Cli%3EElectric%20Guitars%20%3C/li%3E%3Cli%3EAcoustic%20Guitars%3C/li%3E%3Cli%3EElectric%20Bass%20Guitars%3C/li%3E%3Cli%3EAcoustic%20Bass%20Guitars%3C/li%3E%3Cli%3EDIY%20Kits%3C/li%3E%3C/ul%3E%3C/p%3E%3C!--%20Merchandise%20and%20links%20in%20a%20table%20--%3E%3Cp%3ECheck%20out%20our%20Gutiars:%3C/p%3E%3Ctable%20border= HTTP/1.1" 403 769
::1 - - [28/May/2019:21:42:14 +0000] "GET /SDEV300/index.html HTTP/1.1" 200 1541
::1 - - [28/May/2019:21:42:14 +0000] "GET /SDEV300/styles.css%3E%3C/head%3E%3Cbody%3E%3Ch1%3EWelcome%20to%20Custom%20Guitar%20Resellers%20!%20%3C/h1%3E%3Cp%3E%3C!--%20About%20--%3E%3Cp%3EWe%20resell%20really%20cool%20and%20custom%20guitars%20from%20all%20over%20the%20world.%20Take%20a%20look%20at%20our%20guitars.%3Cul%3E%3Cli%3EElectric%20Guitars%20%3C/li%3E%3Cli%3EAcoustic%20Guitars%3C/li%3E%3Cli%3EElectric%20Bass%20Guitars%3C/li%3E%3Cli%3EAcoustic%20Bass%20Guitars%3C/li%3E%3Cli%3EDIY%20Kits%3C/li%3E%3C/ul%3E%3C/p%3E%3C!--%20Merchandise%20and%20links%20in%20a%20table%20--%3E%3Cp%3ECheck%20out%20our%20Gutiars:%3C/p%3E%3Ctable%20border= HTTP/1.1" 403 769
::1 - - [28/May/2019:21:42:14 +0000] "GET /SDEV300/styles.css%3E%3C/head%3E%3Cbody%3E%3Ch1%3EWelcome%20to%20Custom%20Guitar%20Resellers%20!%20%3C/h1%3E%3Cp%3E%3C!--%20About%20--%3E%3Cp%3EWe%20resell%20really%20cool%20and%20custom%20guitars%20from%20all%20over%20the%20world.%20Take%20a%20look%20at%20our%20guitars.%3Cul%3E%3Cli%3EElectric%20Guitars%20%3C/li%3E%3Cli%3EAcoustic%20Guitars%3C/li%3E%3Cli%3EElectric%20Bass%20Guitars%3C/li%3E%3Cli%3EAcoustic%20Bass%20Guitars%3C/li%3E%3Cli%3EDIY%20Kits%3C/li%3E%3C/ul%3E%3C/p%3E%3C!--%20Merchandise%20and%20links%20in%20a%20table%20--%3E%3Cp%3ECheck%20out%20our%20Gutiars:%3C/p%3E%3Ctable%20border= HTTP/1.1" 403 769
::1 - - [28/May/2019:21:42:45 +0000] "GET /SDEV300/index.html HTTP/1.1" 200 1482
::1 - - [28/May/2019:21:42:59 +0000] "GET /SDEV300/index.html HTTP/1.1" 200 1499
::1 - - [28/May/2019:21:42:59 +0000] "GET /SDEV300/styles.css%3E%20%20%3C/head%3E%3Cbody%3E%3Ch1%3EWelcome%20to%20Custom%20Guitar%20Resellers%20!%20%3C/h1%3E%3Cp%3E%3C!--%20About%20--%3E%3Cp%3EWe%20resell%20really%20cool%20and%20custom%20guitars%20from%20all%20over%20the%20world.%20Take%20a%20look%20at%20our%20guitars.%3Cul%3E%3Cli%3EElectric%20Guitars%20%3C/li%3E%3Cli%3EAcoustic%20Guitars%3C/li%3E%3Cli%3EElectric%20Bass%20Guitars%3C/li%3E%3Cli%3EAcoustic%20Bass%20Guitars%3C/li%3E%3Cli%3EDIY%20Kits%3C/li%3E%3C/ul%3E%3C/p%3E%3C!--%20Merchandise%20and%20links%20in%20a%20table%20--%3E%3Cp%3ECheck%20out%20our%20Gutiars:%3C/p%3E%3Ctable%20border= HTTP/1.1" 403 771
::1 - - [28/May/2019:21:43:19 +0000] "GET /SDEV300/index.html HTTP/1.1" 200 1479
::1 - - [28/May/2019:21:43:48 +0000] "GET /SDEV300/index.html HTTP/1.1" 200 1458
::1 - - [28/May/2019:21:44:04 +0000] "GET /SDEV300/index.html HTTP/1.1" 200 1479
::1 - - [28/May/2019:21:44:16 +0000] "GET /SDEV300/index.html HTTP/1.1" 200 1479
::1 - - [28/May/2019:21:44:39 +0000] "GET /SDEV300/index.html HTTP/1.1" 200 1475
::1 - - [28/May/2019:21:52:47 +0000] "GET /SDEV300/index.html HTTP/1.1" 200 1438
::1 - - [28/May/2019:21:52:49 +0000] "GET /SDEV300/details/solidDual.html HTTP/1.1" 200 471
::1 - - [28/May/2019:21:56:35 +0000] "GET /SDEV300/details/solidDual.html HTTP/1.1" 200 541
::1 - - [28/May/2019:21:58:54 +0000] "GET /SDEV300/details/solidSingle.html HTTP/1.1" 200 525
::1 - - [28/May/2019:22:01:23 +0000] "GET /SDEV300/details/hollowBody.html HTTP/1.1" 200 545
::1 - - [28/May/2019:22:03:58 +0000] "GET /SDEV300/index.html HTTP/1.1" 200 1510
::1 - - [28/May/2019:22:04:40 +0000] "GET /SDEV300/index.html HTTP/1.1" 200 1584
::1 - - [28/May/2019:23:45:08 +0000] "GET /SDEV300/index.html HTTP/1.1" 200 1584
::1 - - [29/May/2019:00:40:30 +0000] "GET /SDEV300/details/solidDual.html HTTP/1.1" 200 541
::1 - - [29/May/2019:01:07:47 +0000] "GET /SDEV300/index.html HTTP/1.1" 200 623
::1 - - [29/May/2019:01:07:47 +0000] "GET /SDEV300/style.css HTTP/1.1" 200 457
::1 - - [29/May/2019:01:07:56 +0000] "GET /SDEV300/guitars.html HTTP/1.1" 404 218
::1 - - [29/May/2019:01:08:20 +0000] "GET /SDEV300/guitars.html HTTP/1.1" 200 1174
::1 - - [29/May/2019:01:08:20 +0000] "GET /SDEV300/style.css HTTP/1.1" 200 457
::1 - - [29/May/2019:01:08:29 +0000] "GET /SDEV300/orderForm.html HTTP/1.1" 200 1371
::1 - - [29/May/2019:01:08:29 +0000] "GET /SDEV300/style.css HTTP/1.1" 200 457
::1 - - [29/May/2019:01:08:35 +0000] "GET /SDEV300/partners.html HTTP/1.1" 200 659
::1 - - [29/May/2019:01:08:35 +0000] "GET /style.css HTTP/1.1" 404 207
::1 - - [29/May/2019:01:09:38 +0000] "GET /SDEV300/partners.html HTTP/1.1" 200 660
::1 - - [29/May/2019:01:09:38 +0000] "GET /style.css HTTP/1.1" 404 207
::1 - - [29/May/2019:01:12:15 +0000] "GET /SDEV300/partners.html HTTP/1.1" 200 636
::1 - - [29/May/2019:01:12:15 +0000] "GET /style.css HTTP/1.1" 404 207
::1 - - [29/May/2019:01:12:29 +0000] "GET /SDEV300/orderForm.html HTTP/1.1" 200 1371
::1 - - [29/May/2019:01:12:29 +0000] "GET /SDEV300/style.css HTTP/1.1" 200 457
::1 - - [29/May/2019:01:12:31 +0000] "GET /SDEV300/orderForm.html HTTP/1.1" 200 1371
::1 - - [29/May/2019:01:12:31 +0000] "GET /SDEV300/style.css HTTP/1.1" 200 457
::1 - - [29/May/2019:01:12:36 +0000] "GET /SDEV300/details/solidDual.html HTTP/1.1" 200 728
::1 - - [29/May/2019:01:12:42 +0000] "GET /SDEV300/partners.html HTTP/1.1" 200 636
::1 - - [29/May/2019:01:12:42 +0000] "GET /style.css HTTP/1.1" 404 207
::1 - - [29/May/2019:01:12:52 +0000] "GET /SDEV300/partners.html HTTP/1.1" 200 634
::1 - - [29/May/2019:01:12:52 +0000] "GET /SDEV300/style.css HTTP/1.1" 200 457
::1 - - [29/May/2019:01:13:07 +0000] "GET /SDEV300/index.html HTTP/1.1" 200 623
::1 - - [29/May/2019:01:13:08 +0000] "GET /SDEV300/guitars.html HTTP/1.1" 200 1174
::1 - - [29/May/2019:01:28:03 +0000] "GET /SDEV300/orderForm.html HTTP/1.1" 200 1369
::1 - - [29/May/2019:01:28:03 +0000] "GET /SDEV300/style.css HTTP/1.1" 200 457
::1 - - [29/May/2019:01:28:16 +0000] "GET /SDEV300/index.html HTTP/1.1" 200 623
::1 - - [29/May/2019:01:37:23 +0000] "GET /SDEV300/guitars.html HTTP/1.1" 200 1174
::1 - - [29/May/2019:01:37:23 +0000] "GET /SDEV300/style.css HTTP/1.1" 200 457
::1 - - [29/May/2019:01:38:24 +0000] "GET /SDEV300/details/solidDual.html HTTP/1.1" 200 728
::1 - - [29/May/2019:01:40:33 +0000] "GET /SDEV300/orderForm.html HTTP/1.1" 200 1369
::1 - - [29/May/2019:01:40:33 +0000] "GET /SDEV300/style.css HTTP/1.1" 200 457
::1 - - [29/May/2019:01:41:21 +0000] "GET /SDEV300/partners.html HTTP/1.1" 200 634
::1 - - [30/May/2019:21:03:19 +0000] "GET /SDEV300/helloSDEV300.php HTTP/1.1" 404 222
::1 - - [30/May/2019:21:03:19 +0000] "GET /favicon.ico HTTP/1.1" 200 1150
::1 - - [30/May/2019:21:03:48 +0000] "GET /SDEV300/helloSDEV300.php HTTP/1.1" 200 278
::1 - - [30/May/2019:21:24:45 +0000] "GET /SDEV300/MultiplicationTable.php HTTP/1.1" 200 864
::1 - - [30/May/2019:21:33:01 +0000] "GET /SDEV300/MultiplicationTable.php HTTP/1.1" 200 861
::1 - - [30/May/2019:21:33:12 +0000] "GET /SDEV300/MultiplicationTable.php HTTP/1.1" 200 861
::1 - - [30/May/2019:21:33:20 +0000] "GET /SDEV300/MultiplicationTable.php HTTP/1.1" 200 861
::1 - - [30/May/2019:21:33:29 +0000] "GET /SDEV300/MultiplicationTable.php HTTP/1.1" 200 861
::1 - - [30/May/2019:21:33:39 +0000] "GET /SDEV300/MultiplicationTable.php HTTP/1.1" 200 861
::1 - - [30/May/2019:21:33:41 +0000] "GET /SDEV300/MultiplicationTable.php HTTP/1.1" 200 861
::1 - - [30/May/2019:21:33:43 +0000] "GET /SDEV300/MultiplicationTable.php HTTP/1.1" 200 861
::1 - - [30/May/2019:21:38:03 +0000] "GET /SDEV300/MultiplicationTable.php HTTP/1.1" 200 864
::1 - - [30/May/2019:21:38:03 +0000] "GET /favicon.ico HTTP/1.1" 200 1150
::1 - - [30/May/2019:21:43:23 +0000] "GET /SDEV300/MultiplicationTable.php HTTP/1.1" 200 846
::1 - - [30/May/2019:21:43:42 +0000] "GET /SDEV300/MultiplicationTable.php HTTP/1.1" 200 846
::1 - - [30/May/2019:21:43:46 +0000] "GET /SDEV300/MultiplicationTable.php HTTP/1.1" 200 846
::1 - - [30/May/2019:21:44:28 +0000] "GET /SDEV300/MultiplicationTable.php HTTP/1.1" 200 4820
::1 - - [30/May/2019:21:44:34 +0000] "GET /SDEV300/MultiplicationTable.php HTTP/1.1" 200 612
::1 - - [30/May/2019:21:48:40 +0000] "GET /SDEV300/MultiplicationTable.php HTTP/1.1" 200 583
::1 - - [30/May/2019:21:49:09 +0000] "GET /SDEV300/MultiplicationTable.php HTTP/1.1" 200 583
::1 - - [30/May/2019:21:49:11 +0000] "GET /SDEV300/MultiplicationTable.php HTTP/1.1" 200 583
::1 - - [30/May/2019:21:50:42 +0000] "GET /SDEV300/MultiplicationTable.php HTTP/1.1" 500 -
::1 - - [30/May/2019:21:50:45 +0000] "GET /SDEV300/MultiplicationTable.php HTTP/1.1" 500 -
::1 - - [30/May/2019:21:51:27 +0000] "GET /SDEV300/MultiplicationTable.php HTTP/1.1" 500 -
::1 - - [30/May/2019:21:51:29 +0000] "GET /SDEV300/MultiplicationTable.php HTTP/1.1" 500 -
::1 - - [30/May/2019:21:58:44 +0000] "GET /SDEV300/MultiplicationTable.php HTTP/1.1" 200 612
::1 - - [30/May/2019:21:59:48 +0000] "GET /SDEV300/MultiplicationTable.php HTTP/1.1" 200 560
::1 - - [30/May/2019:21:59:59 +0000] "GET /SDEV300/MultiplicationTable.php HTTP/1.1" 200 560
::1 - - [30/May/2019:22:00:01 +0000] "GET /SDEV300/MultiplicationTable.php HTTP/1.1" 200 560
::1 - - [30/May/2019:22:00:55 +0000] "GET /SDEV300/MultiplicationTable.php HTTP/1.1" 200 565
::1 - - [30/May/2019:22:01:15 +0000] "GET /SDEV300/MultiplicationTable.php HTTP/1.1" 200 565
::1 - - [30/May/2019:22:01:17 +0000] "GET /SDEV300/MultiplicationTable.php HTTP/1.1" 200 565
::1 - - [30/May/2019:22:01:28 +0000] "GET /SDEV300/MultiplicationTable.php HTTP/1.1" 200 565
::1 - - [30/May/2019:22:01:59 +0000] "GET /SDEV300/MultiplicationTable.php HTTP/1.1" 200 565
::1 - - [30/May/2019:22:03:03 +0000] "GET /SDEV300/MultiplicationTable.php HTTP/1.1" 200 567
::1 - - [30/May/2019:22:03:44 +0000] "GET /SDEV300/MultiplicationTable.php HTTP/1.1" 200 567
::1 - - [30/May/2019:22:03:46 +0000] "GET /SDEV300/MultiplicationTable.php HTTP/1.1" 200 567
::1 - - [30/May/2019:22:03:52 +0000] "GET /SDEV300/MultiplicationTable.php HTTP/1.1" 200 567
::1 - - [30/May/2019:22:04:22 +0000] "GET /SDEV300/MultiplicationTable.php HTTP/1.1" 200 570
::1 - - [30/May/2019:22:05:02 +0000] "GET /SDEV300/MultiplicationTable.php HTTP/1.1" 200 570
::1 - - [30/May/2019:22:05:16 +0000] "GET /SDEV300/MultiplicationTable.php HTTP/1.1" 200 570
::1 - - [30/May/2019:22:05:47 +0000] "GET /SDEV300/MultiplicationTable.php HTTP/1.1" 500 -
::1 - - [30/May/2019:22:05:49 +0000] "GET /SDEV300/MultiplicationTable.php HTTP/1.1" 500 -
::1 - - [30/May/2019:22:05:50 +0000] "GET /SDEV300/MultiplicationTable.php HTTP/1.1" 500 -
::1 - - [30/May/2019:22:06:05 +0000] "GET /SDEV300/MultiplicationTable.php HTTP/1.1" 500 -
::1 - - [30/May/2019:22:06:06 +0000] "GET /SDEV300/MultiplicationTable.php HTTP/1.1" 500 -
::1 - - [30/May/2019:22:06:07 +0000] "GET /SDEV300/MultiplicationTable.php HTTP/1.1" 500 -
::1 - - [30/May/2019:22:06:23 +0000] "GET /SDEV300/MultiplicationTable.php HTTP/1.1" 200 570
::1 - - [30/May/2019:22:06:37 +0000] "GET /SDEV300/MultiplicationTable.php HTTP/1.1" 200 570
::1 - - [30/May/2019:22:07:57 +0000] "GET /SDEV300/MultiplicationTable.php HTTP/1.1" 200 589
::1 - - [30/May/2019:22:08:28 +0000] "GET /SDEV300/MultiplicationTable.php HTTP/1.1" 200 589
::1 - - [30/May/2019:22:08:30 +0000] "GET /SDEV300/MultiplicationTable.php HTTP/1.1" 200 589
::1 - - [30/May/2019:22:08:36 +0000] "GET /SDEV300/MultiplicationTable.php HTTP/1.1" 200 589
::1 - - [30/May/2019:22:09:00 +0000] "GET /SDEV300/MultiplicationTable.php HTTP/1.1" 200 1008
::1 - - [30/May/2019:22:09:08 +0000] "GET /SDEV300/MultiplicationTable.php HTTP/1.1" 200 1008
::1 - - [30/May/2019:22:09:10 +0000] "GET /SDEV300/MultiplicationTable.php HTTP/1.1" 200 1008
::1 - - [30/May/2019:22:09:10 +0000] "GET /SDEV300/MultiplicationTable.php HTTP/1.1" 200 1008
::1 - - [30/May/2019:22:09:11 +0000] "GET /SDEV300/MultiplicationTable.php HTTP/1.1" 200 1008
::1 - - [30/May/2019:22:09:12 +0000] "GET /SDEV300/MultiplicationTable.php HTTP/1.1" 200 1008
::1 - - [30/May/2019:22:09:12 +0000] "GET /SDEV300/MultiplicationTable.php HTTP/1.1" 200 1008
::1 - - [30/May/2019:22:09:13 +0000] "GET /SDEV300/MultiplicationTable.php HTTP/1.1" 200 1008
::1 - - [30/May/2019:22:09:28 +0000] "GET /SDEV300/MultiplicationTable.php HTTP/1.1" 200 1008
::1 - - [30/May/2019:22:09:29 +0000] "GET /SDEV300/MultiplicationTable.php HTTP/1.1" 200 1008
::1 - - [30/May/2019:22:09:29 +0000] "GET /SDEV300/MultiplicationTable.php HTTP/1.1" 200 1008
::1 - - [30/May/2019:22:10:37 +0000] "GET /SDEV300/MultiplicationTable.php HTTP/1.1" 200 616
::1 - - [30/May/2019:22:11:02 +0000] "GET /SDEV300/MultiplicationTable.php HTTP/1.1" 200 616
::1 - - [30/May/2019:22:11:51 +0000] "GET /SDEV300/MultiplicationTable.php HTTP/1.1" 200 593
::1 - - [30/May/2019:22:13:19 +0000] "GET /SDEV300/ArraysDemos.php HTTP/1.1" 404 221
::1 - - [30/May/2019:22:13:37 +0000] "GET /SDEV300/ArraysDemo.php HTTP/1.1" 200 366
::1 - - [30/May/2019:22:23:39 +0000] "GET /SDEV300/MultiplicationTable.php HTTP/1.1" 500 -
::1 - - [30/May/2019:22:23:43 +0000] "GET /SDEV300/MultiplicationTable.php HTTP/1.1" 500 -
::1 - - [30/May/2019:22:23:45 +0000] "GET /SDEV300/MultiplicationTable.php HTTP/1.1" 500 -
::1 - - [30/May/2019:22:23:52 +0000] "GET /SDEV300/MultiplicationTable.php HTTP/1.1" 500 -
::1 - - [30/May/2019:22:23:55 +0000] "GET /SDEV300/MultiplicationTable.php HTTP/1.1" 500 -
::1 - - [30/May/2019:22:25:25 +0000] "GET /SDEV300/ArraysDemo.php HTTP/1.1" 200 350
::1 - - [30/May/2019:22:25:45 +0000] "GET /SDEV300/ArraysDemo.php HTTP/1.1" 200 350
::1 - - [30/May/2019:22:26:04 +0000] "GET /SDEV300/ArraysDemo.php HTTP/1.1" 200 350
::1 - - [30/May/2019:22:28:27 +0000] "GET /SDEV300/ArraysDemo.php HTTP/1.1" 500 -
::1 - - [30/May/2019:22:28:57 +0000] "GET /SDEV300/ArraysDemo.php HTTP/1.1" 200 370
::1 - - [30/May/2019:22:29:37 +0000] "GET /SDEV300/ArraysDemo.php HTTP/1.1" 200 370
::1 - - [30/May/2019:22:29:38 +0000] "GET /SDEV300/ArraysDemo.php HTTP/1.1" 200 370
::1 - - [30/May/2019:22:29:52 +0000] "GET /SDEV300/ArraysDemo.php HTTP/1.1" 200 370
::1 - - [30/May/2019:22:29:53 +0000] "GET /SDEV300/ArraysDemo.php HTTP/1.1" 200 370
::1 - - [30/May/2019:22:30:08 +0000] "GET /SDEV300/ArraysDemo.php HTTP/1.1" 500 -
::1 - - [30/May/2019:22:30:09 +0000] "GET /SDEV300/ArraysDemo.php HTTP/1.1" 500 -
::1 - - [30/May/2019:22:30:50 +0000] "GET /SDEV300/ArraysDemo.php HTTP/1.1" 500 -
::1 - - [30/May/2019:22:30:51 +0000] "GET /SDEV300/ArraysDemo.php HTTP/1.1" 500 -
::1 - - [30/May/2019:22:31:00 +0000] "GET /SDEV300/ArraysDemo.php HTTP/1.1" 500 -
::1 - - [30/May/2019:22:31:14 +0000] "GET /SDEV300/ArraysDemo.php HTTP/1.1" 500 -
::1 - - [30/May/2019:22:31:31 +0000] "GET /SDEV300/ArraysDemo.php HTTP/1.1" 200 370
::1 - - [30/May/2019:22:31:52 +0000] "GET /SDEV300/ArraysDemo.php HTTP/1.1" 200 370
::1 - - [30/May/2019:22:31:53 +0000] "GET /SDEV300/ArraysDemo.php HTTP/1.1" 200 370
::1 - - [30/May/2019:22:32:18 +0000] "GET /SDEV300/ArraysDemo.php HTTP/1.1" 200 370
::1 - - [30/May/2019:22:32:20 +0000] "GET /SDEV300/ArraysDemo.php HTTP/1.1" 200 370
::1 - - [30/May/2019:22:38:43 +0000] "GET /SDEV300/ArraysDemo.php HTTP/1.1" 500 -
::1 - - [30/May/2019:22:38:48 +0000] "GET /SDEV300/ArraysDemos.php HTTP/1.1" 404 221
::1 - - [30/May/2019:22:38:49 +0000] "GET /SDEV300/ArraysDemos.php HTTP/1.1" 404 221
::1 - - [30/May/2019:22:39:39 +0000] "GET /SDEV300/ArraysDemos.php HTTP/1.1" 404 221
::1 - - [30/May/2019:22:39:42 +0000] "GET /SDEV300/ArraysDemo.php HTTP/1.1" 200 360
::1 - - [30/May/2019:22:40:02 +0000] "GET /SDEV300/ArraysDemo.php HTTP/1.1" 200 360
::1 - - [30/May/2019:22:40:06 +0000] "GET /SDEV300/ArraysDemo.php HTTP/1.1" 200 360
::1 - - [30/May/2019:22:40:13 +0000] "GET /SDEV300/ArraysDemo.php HTTP/1.1" 200 360
::1 - - [30/May/2019:22:40:14 +0000] "GET /SDEV300/ArraysDemo.php HTTP/1.1" 200 360
::1 - - [30/May/2019:22:40:15 +0000] "GET /SDEV300/ArraysDemo.php HTTP/1.1" 200 360
::1 - - [30/May/2019:22:40:30 +0000] "GET /SDEV300/ArraysDemo.php HTTP/1.1" 200 360
::1 - - [30/May/2019:22:40:44 +0000] "GET /SDEV300/ArraysDemo.php HTTP/1.1" 200 375
::1 - - [30/May/2019:22:40:53 +0000] "GET /SDEV300/ArraysDemo.php HTTP/1.1" 200 380
::1 - - [30/May/2019:22:40:59 +0000] "GET /SDEV300/ArraysDemo.php HTTP/1.1" 200 384
::1 - - [30/May/2019:22:41:36 +0000] "GET /SDEV300/ArraysDemo.php HTTP/1.1" 200 395
::1 - - [30/May/2019:22:41:59 +0000] "GET /SDEV300/ArraysDemo.php HTTP/1.1" 200 395
::1 - - [30/May/2019:22:42:04 +0000] "GET /SDEV300/ArraysDemo.php HTTP/1.1" 200 395
::1 - - [30/May/2019:22:42:05 +0000] "GET /SDEV300/ArraysDemo.php HTTP/1.1" 200 395
::1 - - [30/May/2019:22:42:06 +0000] "GET /SDEV300/ArraysDemo.php HTTP/1.1" 200 395
::1 - - [30/May/2019:22:42:06 +0000] "GET /SDEV300/ArraysDemo.php HTTP/1.1" 200 395
::1 - - [30/May/2019:22:42:07 +0000] "GET /SDEV300/ArraysDemo.php HTTP/1.1" 200 395
::1 - - [30/May/2019:22:42:07 +0000] "GET /SDEV300/ArraysDemo.php HTTP/1.1" 200 395
::1 - - [30/May/2019:22:42:08 +0000] "GET /SDEV300/ArraysDemo.php HTTP/1.1" 200 395
::1 - - [30/May/2019:22:42:08 +0000] "GET /SDEV300/ArraysDemo.php HTTP/1.1" 200 395
::1 - - [30/May/2019:22:42:09 +0000] "GET /SDEV300/ArraysDemo.php HTTP/1.1" 200 395
::1 - - [30/May/2019:22:42:16 +0000] "GET /SDEV300/ArraysDemo.php HTTP/1.1" 200 395
::1 - - [30/May/2019:22:42:29 +0000] "GET /SDEV300/ArraysDemo.php HTTP/1.1" 200 395
::1 - - [30/May/2019:22:42:32 +0000] "GET /SDEV300/ArraysDemo.php HTTP/1.1" 200 395
::1 - - [30/May/2019:22:52:04 +0000] "GET /SDEV300/MultiplicationTable.php HTTP/1.1" 200 594
::1 - - [30/May/2019:22:53:48 +0000] "GET /SDEV300/MultiplicationTable.php HTTP/1.1" 500 -
::1 - - [30/May/2019:22:53:50 +0000] "GET /SDEV300/MultiplicationTable.php HTTP/1.1" 500 -
::1 - - [30/May/2019:22:54:04 +0000] "GET /SDEV300/MultiplicationTable.php HTTP/1.1" 500 -
::1 - - [30/May/2019:22:54:51 +0000] "GET /SDEV300/MultiplicationTable.php HTTP/1.1" 500 -
::1 - - [30/May/2019:22:55:00 +0000] "GET /SDEV300/MultiplicationTable.php HTTP/1.1" 500 -
::1 - - [30/May/2019:22:55:14 +0000] "GET /SDEV300/MultiplicationTable.php HTTP/1.1" 500 -
::1 - - [30/May/2019:22:56:53 +0000] "GET /SDEV300/FunctionsDemo.php HTTP/1.1" 200 503
::1 - - [30/May/2019:23:01:50 +0000] "GET /SDEV300/FunctionsDemo.php HTTP/1.1" 500 -
::1 - - [30/May/2019:23:02:36 +0000] "GET /SDEV300/FunctionsDemo.php HTTP/1.1" 200 329
::1 - - [30/May/2019:23:04:11 +0000] "GET /SDEV300/FunctionsDemo.php HTTP/1.1" 200 329
::1 - - [30/May/2019:23:04:16 +0000] "GET /SDEV300/FunctionsDemo.php HTTP/1.1" 200 329
::1 - - [30/May/2019:23:04:17 +0000] "GET /SDEV300/FunctionsDemo.php HTTP/1.1" 200 329
::1 - - [30/May/2019:23:04:18 +0000] "GET /SDEV300/FunctionsDemo.php HTTP/1.1" 200 329
::1 - - [30/May/2019:23:04:23 +0000] "GET /SDEV300/FunctionsDemo.php HTTP/1.1" 200 329
::1 - - [30/May/2019:23:04:26 +0000] "GET /SDEV300/FunctionsDemo.php HTTP/1.1" 200 329
::1 - - [30/May/2019:23:05:26 +0000] "GET /SDEV300/FunctionsDemo.php HTTP/1.1" 200 321
::1 - - [30/May/2019:23:05:53 +0000] "GET /SDEV300/FunctionsDemo.php HTTP/1.1" 200 321
::1 - - [30/May/2019:23:05:55 +0000] "GET /SDEV300/FunctionsDemo.php HTTP/1.1" 200 321
::1 - - [30/May/2019:23:07:24 +0000] "GET /SDEV300/FunctionsDemo.php HTTP/1.1" 200 324
::1 - - [30/May/2019:23:08:21 +0000] "GET /SDEV300/FunctionsDemo.php HTTP/1.1" 200 324
::1 - - [30/May/2019:23:08:22 +0000] "GET /SDEV300/FunctionsDemo.php HTTP/1.1" 200 324
::1 - - [30/May/2019:23:11:16 +0000] "GET /SDEV300/FunctionsDemo.php HTTP/1.1" 200 352
::1 - - [30/May/2019:23:12:29 +0000] "GET /SDEV300/FunctionsDemo.php HTTP/1.1" 200 335
::1 - - [30/May/2019:23:13:17 +0000] "GET /SDEV300/FunctionsDemo.php HTTP/1.1" 200 335
::1 - - [30/May/2019:23:13:19 +0000] "GET /SDEV300/FunctionsDemo.php HTTP/1.1" 200 335
::1 - - [30/May/2019:23:13:45 +0000] "GET /SDEV300/FunctionsDemo.php HTTP/1.1" 200 334
::1 - - [30/May/2019:23:14:11 +0000] "GET /SDEV300/FunctionsDemo.php HTTP/1.1" 200 334
::1 - - [30/May/2019:23:14:13 +0000] "GET /SDEV300/FunctionsDemo.php HTTP/1.1" 200 334
::1 - - [30/May/2019:23:14:15 +0000] "GET /SDEV300/FunctionsDemo.php HTTP/1.1" 200 334
::1 - - [30/May/2019:23:14:17 +0000] "GET /SDEV300/FunctionsDemo.php HTTP/1.1" 200 334
::1 - - [30/May/2019:23:28:53 +0000] "GET /SDEV300/FunctionsDemo.php HTTP/1.1" 200 351
::1 - - [30/May/2019:23:29:50 +0000] "GET /SDEV300/FunctionsDemo.php HTTP/1.1" 200 351
::1 - - [30/May/2019:23:29:52 +0000] "GET /SDEV300/FunctionsDemo.php HTTP/1.1" 200 351
::1 - - [30/May/2019:23:29:54 +0000] "GET /SDEV300/FunctionsDemo.php HTTP/1.1" 200 361
::1 - - [30/May/2019:23:30:25 +0000] "GET /SDEV300/FunctionsDemo.php HTTP/1.1" 200 361
::1 - - [30/May/2019:23:30:27 +0000] "GET /SDEV300/FunctionsDemo.php HTTP/1.1" 200 361
::1 - - [30/May/2019:23:30:33 +0000] "GET /SDEV300/FunctionsDemo.php HTTP/1.1" 200 361
::1 - - [30/May/2019:23:30:34 +0000] "GET /SDEV300/FunctionsDemo.php HTTP/1.1" 200 361
::1 - - [30/May/2019:23:30:34 +0000] "GET /SDEV300/FunctionsDemo.php HTTP/1.1" 200 361
::1 - - [30/May/2019:23:30:35 +0000] "GET /SDEV300/FunctionsDemo.php HTTP/1.1" 200 361
::1 - - [30/May/2019:23:30:36 +0000] "GET /SDEV300/FunctionsDemo.php HTTP/1.1" 200 361
::1 - - [30/May/2019:23:30:40 +0000] "GET /SDEV300/FunctionsDemo.php HTTP/1.1" 200 361
::1 - - [30/May/2019:23:30:41 +0000] "GET /SDEV300/FunctionsDemo.php HTTP/1.1" 200 361
::1 - - [30/May/2019:23:30:42 +0000] "GET /SDEV300/FunctionsDemo.php HTTP/1.1" 200 361
::1 - - [30/May/2019:23:30:42 +0000] "GET /SDEV300/FunctionsDemo.php HTTP/1.1" 200 361
::1 - - [30/May/2019:23:30:42 +0000] "GET /SDEV300/FunctionsDemo.php HTTP/1.1" 200 361
::1 - - [30/May/2019:23:30:42 +0000] "GET /SDEV300/FunctionsDemo.php HTTP/1.1" 200 361
::1 - - [30/May/2019:23:30:42 +0000] "GET /SDEV300/FunctionsDemo.php HTTP/1.1" 200 361
::1 - - [30/May/2019:23:30:43 +0000] "GET /SDEV300/FunctionsDemo.php HTTP/1.1" 200 361
::1 - - [30/May/2019:23:31:29 +0000] "GET /SDEV300/FunctionsDemo.php HTTP/1.1" 200 357
::1 - - [30/May/2019:23:31:52 +0000] "GET /SDEV300/FunctionsDemo.php HTTP/1.1" 200 357
::1 - - [30/May/2019:23:31:54 +0000] "GET /SDEV300/FunctionsDemo.php HTTP/1.1" 200 357
::1 - - [30/May/2019:23:32:28 +0000] "GET /SDEV300/FunctionsDemo.php HTTP/1.1" 200 357
::1 - - [30/May/2019:23:32:42 +0000] "GET /SDEV300/FunctionsDemo.php HTTP/1.1" 200 357
::1 - - [30/May/2019:23:32:51 +0000] "GET /SDEV300/FunctionsDemo.php HTTP/1.1" 200 357
::1 - - [30/May/2019:23:32:53 +0000] "GET /SDEV300/FunctionsDemo.php HTTP/1.1" 200 357
::1 - - [30/May/2019:23:34:24 +0000] "GET /SDEV300/FunctionsDemo.php HTTP/1.1" 200 351
::1 - - [30/May/2019:23:35:35 +0000] "GET /SDEV300/FunctionsDemo.php HTTP/1.1" 200 354
::1 - - [30/May/2019:23:35:45 +0000] "GET /SDEV300/FunctionsDemo.php HTTP/1.1" 200 354
::1 - - [30/May/2019:23:35:46 +0000] "GET /SDEV300/FunctionsDemo.php HTTP/1.1" 200 354
::1 - - [30/May/2019:23:36:49 +0000] "GET /SDEV300/FunctionsDemo.php HTTP/1.1" 200 350
::1 - - [30/May/2019:23:37:15 +0000] "GET /SDEV300/FunctionsDemo.php HTTP/1.1" 200 350
::1 - - [30/May/2019:23:37:17 +0000] "GET /SDEV300/FunctionsDemo.php HTTP/1.1" 200 350
::1 - - [30/May/2019:23:40:20 +0000] "GET /SDEV300/FunctionsDemo.php HTTP/1.1" 200 326
::1 - - [30/May/2019:23:40:47 +0000] "GET /SDEV300/FunctionsDemo.php HTTP/1.1" 200 326
::1 - - [30/May/2019:23:40:52 +0000] "GET /SDEV300/FunctionsDemo.php HTTP/1.1" 200 326
::1 - - [30/May/2019:23:40:52 +0000] "GET /SDEV300/FunctionsDemo.php HTTP/1.1" 200 326
::1 - - [30/May/2019:23:40:53 +0000] "GET /SDEV300/FunctionsDemo.php HTTP/1.1" 200 326
::1 - - [30/May/2019:23:40:53 +0000] "GET /SDEV300/FunctionsDemo.php HTTP/1.1" 200 326
::1 - - [30/May/2019:23:40:53 +0000] "GET /SDEV300/FunctionsDemo.php HTTP/1.1" 200 326
::1 - - [30/May/2019:23:40:54 +0000] "GET /SDEV300/FunctionsDemo.php HTTP/1.1" 200 326
::1 - - [30/May/2019:23:40:54 +0000] "GET /SDEV300/FunctionsDemo.php HTTP/1.1" 200 326
::1 - - [30/May/2019:23:40:54 +0000] "GET /SDEV300/FunctionsDemo.php HTTP/1.1" 200 326
::1 - - [30/May/2019:23:40:54 +0000] "GET /SDEV300/FunctionsDemo.php HTTP/1.1" 200 326
::1 - - [30/May/2019:23:41:25 +0000] "GET /SDEV300/FunctionsDemo.php HTTP/1.1" 200 349
::1 - - [31/May/2019:00:38:32 +0000] "GET /SDEV300/FunctionsDemo.php HTTP/1.1" 500 -
::1 - - [31/May/2019:00:38:36 +0000] "GET /SDEV300/FunctionsDemo.php HTTP/1.1" 500 -
::1 - - [31/May/2019:00:39:06 +0000] "GET /SDEV300/FunctionsDemo.php HTTP/1.1" 500 -
::1 - - [31/May/2019:00:39:07 +0000] "GET /SDEV300/FunctionsDemo.php HTTP/1.1" 500 -
::1 - - [31/May/2019:00:40:05 +0000] "GET /SDEV300/FunctionsDemo.php HTTP/1.1" 200 355
::1 - - [31/May/2019:00:40:52 +0000] "GET /SDEV300/FunctionsDemo.php HTTP/1.1" 200 355
::1 - - [31/May/2019:00:40:54 +0000] "GET /SDEV300/FunctionsDemo.php HTTP/1.1" 200 355
::1 - - [31/May/2019:00:57:18 +0000] "GET /SDEV300/FunctionsDemo.php HTTP/1.1" 500 -
::1 - - [31/May/2019:00:57:45 +0000] "GET /SDEV300/FunctionsDemo.php HTTP/1.1" 500 -
::1 - - [31/May/2019:00:57:47 +0000] "GET /SDEV300/FunctionsDemo.php HTTP/1.1" 500 -
::1 - - [31/May/2019:00:57:50 +0000] "GET /SDEV300/FunctionsDemo.php HTTP/1.1" 500 -
::1 - - [31/May/2019:00:57:51 +0000] "GET /SDEV300/FunctionsDemo.php HTTP/1.1" 500 -
::1 - - [31/May/2019:00:57:52 +0000] "GET /SDEV300/FunctionsDemo.php HTTP/1.1" 500 -
::1 - - [31/May/2019:00:58:37 +0000] "GET /SDEV300/FunctionsDemo.php HTTP/1.1" 200 357
::1 - - [31/May/2019:00:59:02 +0000] "GET /SDEV300/FunctionsDemo.php HTTP/1.1" 200 366
::1 - - [31/May/2019:01:00:17 +0000] "GET /SDEV300/FunctionsDemo.php HTTP/1.1" 200 368
::1 - - [31/May/2019:01:01:12 +0000] "GET /SDEV300/FunctionsDemo.php HTTP/1.1" 200 368
::1 - - [31/May/2019:01:02:20 +0000] "GET /SDEV300/FunctionsDemo.php HTTP/1.1" 500 -
::1 - - [31/May/2019:01:02:21 +0000] "GET /SDEV300/FunctionsDemo.php HTTP/1.1" 500 -
::1 - - [31/May/2019:01:03:37 +0000] "GET /SDEV300/FunctionsDemo.php HTTP/1.1" 500 -
::1 - - [31/May/2019:01:03:49 +0000] "GET /SDEV300/FunctionsDemo.php HTTP/1.1" 500 -
::1 - - [31/May/2019:01:03:54 +0000] "GET /SDEV300/FunctionsDemo.php HTTP/1.1" 500 -
::1 - - [31/May/2019:01:03:55 +0000] "GET /SDEV300/FunctionsDemo.php HTTP/1.1" 500 -
::1 - - [31/May/2019:01:03:56 +0000] "GET /SDEV300/FunctionsDemo.php HTTP/1.1" 500 -
::1 - - [31/May/2019:01:03:56 +0000] "GET /SDEV300/FunctionsDemo.php HTTP/1.1" 500 -
::1 - - [31/May/2019:01:03:56 +0000] "GET /SDEV300/FunctionsDemo.php HTTP/1.1" 500 -
::1 - - [31/May/2019:01:03:56 +0000] "GET /SDEV300/FunctionsDemo.php HTTP/1.1" 500 -
::1 - - [31/May/2019:01:04:51 +0000] "GET /SDEV300/FunctionsDemo.php HTTP/1.1" 200 368
::1 - - [31/May/2019:01:06:08 +0000] "GET /SDEV300/FunctionsDemo.php HTTP/1.1" 200 590
::1 - - [31/May/2019:01:08:10 +0000] "GET /SDEV300/FunctionsDemo.php HTTP/1.1" 200 663
::1 - - [31/May/2019:01:08:51 +0000] "GET /SDEV300/FunctionsDemo.php HTTP/1.1" 200 663
::1 - - [31/May/2019:01:09:00 +0000] "GET /SDEV300/FunctionsDemo.php HTTP/1.1" 200 663
::1 - - [31/May/2019:01:09:01 +0000] "GET /SDEV300/FunctionsDemo.php HTTP/1.1" 200 663
::1 - - [31/May/2019:01:09:02 +0000] "GET /SDEV300/FunctionsDemo.php HTTP/1.1" 200 663
::1 - - [31/May/2019:01:09:03 +0000] "GET /SDEV300/FunctionsDemo.php HTTP/1.1" 200 663
::1 - - [31/May/2019:01:09:03 +0000] "GET /SDEV300/FunctionsDemo.php HTTP/1.1" 200 663
::1 - - [31/May/2019:01:09:03 +0000] "GET /SDEV300/FunctionsDemo.php HTTP/1.1" 200 663
::1 - - [31/May/2019:01:09:03 +0000] "GET /SDEV300/FunctionsDemo.php HTTP/1.1" 200 663
::1 - - [31/May/2019:01:09:04 +0000] "GET /SDEV300/FunctionsDemo.php HTTP/1.1" 200 663
::1 - - [31/May/2019:01:09:33 +0000] "GET /SDEV300/FunctionsDemo.php HTTP/1.1" 200 590
::1 - - [31/May/2019:01:09:49 +0000] "GET /SDEV300/FunctionsDemo.php HTTP/1.1" 200 590
::1 - - [31/May/2019:01:09:50 +0000] "GET /SDEV300/FunctionsDemo.php HTTP/1.1" 200 590
::1 - - [31/May/2019:01:09:51 +0000] "GET /SDEV300/FunctionsDemo.php HTTP/1.1" 200 590
::1 - - [31/May/2019:01:09:51 +0000] "GET /SDEV300/FunctionsDemo.php HTTP/1.1" 200 590
::1 - - [31/May/2019:01:09:51 +0000] "GET /SDEV300/FunctionsDemo.php HTTP/1.1" 200 590
::1 - - [31/May/2019:01:10:58 +0000] "GET /SDEV300/FunctionsDemo.php HTTP/1.1" 500 -
::1 - - [31/May/2019:01:11:11 +0000] "GET /SDEV300/FunctionsDemo.php HTTP/1.1" 200 626
::1 - - [31/May/2019:01:11:33 +0000] "GET /SDEV300/FunctionsDemo.php HTTP/1.1" 200 626
::1 - - [31/May/2019:01:12:40 +0000] "GET /SDEV300/FunctionsDemo.php HTTP/1.1" 200 625
::1 - - [31/May/2019:01:14:04 +0000] "GET /SDEV300/FunctionsDemo.php HTTP/1.1" 200 626
::1 - - [31/May/2019:01:14:06 +0000] "GET /SDEV300/FunctionsDemo.php HTTP/1.1" 200 626
::1 - - [31/May/2019:01:14:45 +0000] "GET /SDEV300/FunctionsDemo.php HTTP/1.1" 200 626
::1 - - [31/May/2019:01:14:47 +0000] "GET /SDEV300/FunctionsDemo.php HTTP/1.1" 200 626
::1 - - [31/May/2019:01:15:26 +0000] "GET /SDEV300/FunctionsDemo.php HTTP/1.1" 200 601
::1 - - [31/May/2019:01:16:08 +0000] "GET /SDEV300/FunctionsDemo.php HTTP/1.1" 200 601
::1 - - [31/May/2019:01:16:18 +0000] "GET /SDEV300/FunctionsDemo.php HTTP/1.1" 200 601
::1 - - [31/May/2019:01:16:21 +0000] "GET /SDEV300/FunctionsDemo.php HTTP/1.1" 200 601
::1 - - [31/May/2019:01:16:29 +0000] "GET /SDEV300/FunctionsDemo.php HTTP/1.1" 200 595
::1 - - [31/May/2019:01:20:43 +0000] "GET /SDEV300/FunctionsDemo.php HTTP/1.1" 200 620
::1 - - [31/May/2019:01:20:56 +0000] "GET /SDEV300/FunctionsDemo.php HTTP/1.1" 200 620
::1 - - [02/Jun/2019:19:20:53 +0000] "GET /SDEV300/Lab3.php HTTP/1.1" 200 621
::1 - - [02/Jun/2019:19:20:53 +0000] "GET /favicon.ico HTTP/1.1" 200 1150
::1 - - [02/Jun/2019:19:31:05 +0000] "GET /SDEV300/Lab3.php HTTP/1.1" 200 633
::1 - - [02/Jun/2019:19:32:37 +0000] "GET /SDEV300/Lab3.php HTTP/1.1" 200 653
::1 - - [02/Jun/2019:19:37:23 +0000] "GET /SDEV300/Lab3.php HTTP/1.1" 200 945
::1 - - [02/Jun/2019:19:38:59 +0000] "GET /SDEV300/Lab3.php HTTP/1.1" 500 -
::1 - - [02/Jun/2019:19:39:15 +0000] "GET /SDEV300/Lab3.php HTTP/1.1" 500 -
::1 - - [02/Jun/2019:19:39:27 +0000] "GET /SDEV300/Lab3.php HTTP/1.1" 200 945
::1 - - [02/Jun/2019:19:41:41 +0000] "GET /SDEV300/Lab3.php HTTP/1.1" 200 953
::1 - - [02/Jun/2019:19:42:53 +0000] "GET /SDEV300/Lab3.php HTTP/1.1" 200 1149
::1 - - [02/Jun/2019:19:43:18 +0000] "GET /SDEV300/Lab3.php HTTP/1.1" 200 1149
::1 - - [02/Jun/2019:19:43:25 +0000] "GET /SDEV300/Lab3.php HTTP/1.1" 200 1149
::1 - - [02/Jun/2019:19:43:41 +0000] "GET /SDEV300/Lab3.php HTTP/1.1" 200 1149
::1 - - [02/Jun/2019:19:43:42 +0000] "GET /SDEV300/Lab3.php HTTP/1.1" 200 1149
::1 - - [02/Jun/2019:19:45:49 +0000] "GET /SDEV300/Lab3.php HTTP/1.1" 200 1176
::1 - - [02/Jun/2019:19:46:30 +0000] "GET /SDEV300/Lab3.php HTTP/1.1" 200 1176
::1 - - [02/Jun/2019:19:46:54 +0000] "GET /SDEV300/Lab3.php HTTP/1.1" 500 -
::1 - - [02/Jun/2019:19:47:18 +0000] "GET /SDEV300/Lab3.php HTTP/1.1" 500 -
::1 - - [02/Jun/2019:19:47:26 +0000] "GET /SDEV300/Lab3.php HTTP/1.1" 200 1176
::1 - - [02/Jun/2019:19:47:51 +0000] "GET /SDEV300/Lab3.php HTTP/1.1" 200 1176
::1 - - [02/Jun/2019:19:51:58 +0000] "GET /SDEV300/Lab3.php HTTP/1.1" 200 1193
::1 - - [02/Jun/2019:19:53:15 +0000] "GET /SDEV300/Lab3.php HTTP/1.1" 200 1203
::1 - - [02/Jun/2019:19:53:34 +0000] "GET /SDEV300/Lab3.php HTTP/1.1" 200 1203
::1 - - [02/Jun/2019:19:53:35 +0000] "GET /SDEV300/Lab3.php HTTP/1.1" 200 1203
::1 - - [02/Jun/2019:19:54:51 +0000] "GET /SDEV300/Lab3.php HTTP/1.1" 200 1238
::1 - - [02/Jun/2019:19:56:15 +0000] "GET /SDEV300/Lab3.php HTTP/1.1" 500 -
::1 - - [02/Jun/2019:19:56:17 +0000] "GET /SDEV300/Lab3.php HTTP/1.1" 500 -
::1 - - [02/Jun/2019:19:56:26 +0000] "GET /SDEV300/Lab3.php HTTP/1.1" 500 -
::1 - - [02/Jun/2019:19:56:27 +0000] "GET /SDEV300/Lab3.php HTTP/1.1" 500 -
::1 - - [02/Jun/2019:19:57:28 +0000] "GET /SDEV300/Lab3.php HTTP/1.1" 200 1238
::1 - - [02/Jun/2019:19:58:29 +0000] "GET /SDEV300/Lab3.php HTTP/1.1" 200 1238
::1 - - [02/Jun/2019:19:58:30 +0000] "GET /SDEV300/Lab3.php HTTP/1.1" 200 1238
::1 - - [02/Jun/2019:19:58:52 +0000] "GET /SDEV300/Lab3.php HTTP/1.1" 200 1238
::1 - - [02/Jun/2019:19:59:05 +0000] "GET /SDEV300/Lab3.php HTTP/1.1" 200 1238
::1 - - [02/Jun/2019:19:59:06 +0000] "GET /SDEV300/Lab3.php HTTP/1.1" 200 1238
::1 - - [02/Jun/2019:19:59:21 +0000] "GET /SDEV300/Lab3.php HTTP/1.1" 200 1238
::1 - - [02/Jun/2019:19:59:23 +0000] "GET /SDEV300/Lab3.php HTTP/1.1" 200 1238
::1 - - [02/Jun/2019:20:00:36 +0000] "GET /SDEV300/Lab3.php HTTP/1.1" 200 1203
::1 - - [02/Jun/2019:20:00:36 +0000] "GET /favicon.ico HTTP/1.1" 200 1150
::1 - - [02/Jun/2019:20:01:27 +0000] "GET /SDEV300/Lab3.php HTTP/1.1" 200 1203
::1 - - [02/Jun/2019:20:02:05 +0000] "GET /SDEV300/Lab3.php HTTP/1.1" 200 1206
::1 - - [02/Jun/2019:20:05:07 +0000] "GET /SDEV300/Lab3.php HTTP/1.1" 200 1206
::1 - - [02/Jun/2019:20:05:09 +0000] "GET /SDEV300/Lab3.php HTTP/1.1" 200 1206
::1 - - [02/Jun/2019:20:06:10 +0000] "GET /SDEV300/Lab3.php HTTP/1.1" 200 1206
::1 - - [02/Jun/2019:20:06:12 +0000] "GET /SDEV300/Lab3.php HTTP/1.1" 200 1206
::1 - - [02/Jun/2019:20:06:13 +0000] "GET /SDEV300/Lab3.php HTTP/1.1" 200 1206
::1 - - [02/Jun/2019:20:06:47 +0000] "GET /SDEV300/Lab3.php HTTP/1.1" 200 1206
::1 - - [02/Jun/2019:20:06:49 +0000] "GET /SDEV300/Lab3.php HTTP/1.1" 200 1206
::1 - - [02/Jun/2019:20:07:30 +0000] "GET /SDEV300/Lab3.php HTTP/1.1" 200 1206
::1 - - [02/Jun/2019:20:07:31 +0000] "GET /SDEV300/Lab3.php HTTP/1.1" 200 1206
::1 - - [03/Jun/2019:19:35:11 +0000] "GET /SDEV300/Lab3.php HTTP/1.1" 200 1207
::1 - - [03/Jun/2019:19:35:11 +0000] "GET /favicon.ico HTTP/1.1" 200 1150
::1 - - [03/Jun/2019:19:35:25 +0000] "GET /SDEV300/Lab3.php HTTP/1.1" 200 1207
::1 - - [03/Jun/2019:19:35:25 +0000] "GET /favicon.ico HTTP/1.1" 200 1150
::1 - - [03/Jun/2019:19:35:30 +0000] "GET /SDEV300/Lab3.php HTTP/1.1" 200 1207
::1 - - [03/Jun/2019:19:35:30 +0000] "GET /favicon.ico HTTP/1.1" 200 1150
::1 - - [03/Jun/2019:19:35:40 +0000] "GET /SDEV300/Lab3.php HTTP/1.1" 200 1207
::1 - - [03/Jun/2019:19:35:40 +0000] "GET /favicon.ico HTTP/1.1" 200 1150
::1 - - [03/Jun/2019:19:35:41 +0000] "GET /SDEV300/Lab3.php HTTP/1.1" 200 1207
::1 - - [03/Jun/2019:19:35:41 +0000] "GET /favicon.ico HTTP/1.1" 200 1150
::1 - - [03/Jun/2019:19:35:50 +0000] "GET /SDEV300/Lab3.php HTTP/1.1" 200 1207
::1 - - [03/Jun/2019:19:35:52 +0000] "GET /SDEV300/Lab3.php HTTP/1.1" 200 1207
::1 - - [03/Jun/2019:19:35:52 +0000] "GET /favicon.ico HTTP/1.1" 200 1150
::1 - - [03/Jun/2019:19:36:08 +0000] "GET /SDEV300/Lab3.php HTTP/1.1" 200 1207
::1 - - [03/Jun/2019:19:36:10 +0000] "GET /SDEV300/Lab3.php HTTP/1.1" 200 1207
::1 - - [03/Jun/2019:19:36:10 +0000] "GET /favicon.ico HTTP/1.1" 200 1150
::1 - - [03/Jun/2019:19:36:38 +0000] "GET /SDEV300/Lab3.php HTTP/1.1" 200 1205
::1 - - [03/Jun/2019:19:36:49 +0000] "GET /SDEV300/Lab3.php HTTP/1.1" 200 1205
::1 - - [03/Jun/2019:19:36:49 +0000] "GET /favicon.ico HTTP/1.1" 200 1150
::1 - - [03/Jun/2019:19:36:51 +0000] "GET /SDEV300/Lab3.php HTTP/1.1" 200 1205
::1 - - [03/Jun/2019:19:36:51 +0000] "GET /favicon.ico HTTP/1.1" 200 1150
::1 - - [03/Jun/2019:19:36:59 +0000] "GET /SDEV300/Lab3.php HTTP/1.1" 200 1205
::1 - - [03/Jun/2019:19:37:06 +0000] "GET /SDEV300/Lab3.php HTTP/1.1" 200 1205
::1 - - [03/Jun/2019:19:37:06 +0000] "GET /favicon.ico HTTP/1.1" 200 1150
::1 - - [03/Jun/2019:19:37:08 +0000] "GET /SDEV300/Lab3.php HTTP/1.1" 200 1205
::1 - - [03/Jun/2019:19:37:08 +0000] "GET /favicon.ico HTTP/1.1" 200 1150
::1 - - [03/Jun/2019:19:37:16 +0000] "GET /SDEV300/Lab3.php HTTP/1.1" 200 1205
::1 - - [03/Jun/2019:19:37:17 +0000] "GET /SDEV300/Lab3.php HTTP/1.1" 200 1205
::1 - - [03/Jun/2019:19:37:17 +0000] "GET /favicon.ico HTTP/1.1" 200 1150
::1 - - [03/Jun/2019:19:37:22 +0000] "GET /SDEV300/Lab3.php HTTP/1.1" 200 1205
::1 - - [03/Jun/2019:19:37:22 +0000] "GET /SDEV300/Lab3.php HTTP/1.1" 200 1205
::1 - - [03/Jun/2019:19:37:43 +0000] "GET /SDEV300/Lab3.php HTTP/1.1" 200 1210
::1 - - [03/Jun/2019:19:37:43 +0000] "GET /favicon.ico HTTP/1.1" 200 1150
::1 - - [03/Jun/2019:19:38:30 +0000] "GET /SDEV300/Lab3.php HTTP/1.1" 200 1210
::1 - - [03/Jun/2019:19:38:30 +0000] "GET /favicon.ico HTTP/1.1" 200 1150
::1 - - [03/Jun/2019:19:38:33 +0000] "GET /SDEV300/Lab3.php HTTP/1.1" 200 1210
::1 - - [03/Jun/2019:19:38:33 +0000] "GET /favicon.ico HTTP/1.1" 200 1150
::1 - - [03/Jun/2019:19:40:42 +0000] "GET /SDEV300/Lab3.php HTTP/1.1" 200 1205
::1 - - [03/Jun/2019:19:40:57 +0000] "GET /SDEV300/Lab3.php HTTP/1.1" 200 1205
::1 - - [03/Jun/2019:19:40:57 +0000] "GET /favicon.ico HTTP/1.1" 200 1150
::1 - - [03/Jun/2019:19:41:01 +0000] "GET /SDEV300/Lab3.php HTTP/1.1" 200 1205
::1 - - [03/Jun/2019:19:41:01 +0000] "GET /favicon.ico HTTP/1.1" 200 1150
::1 - - [03/Jun/2019:19:41:56 +0000] "GET /SDEV300/Lab3.php HTTP/1.1" 200 1205
::1 - - [03/Jun/2019:19:41:56 +0000] "GET /favicon.ico HTTP/1.1" 200 1150
::1 - - [03/Jun/2019:19:59:51 +0000] "GET /SDEV300/Lab3.php HTTP/1.1" 500 3622
::1 - - [03/Jun/2019:19:59:51 +0000] "GET /favicon.ico HTTP/1.1" 200 1150
::1 - - [03/Jun/2019:20:00:01 +0000] "GET /SDEV300/Lab3.php HTTP/1.1" 500 3622
::1 - - [03/Jun/2019:20:00:03 +0000] "GET /SDEV300/Lab3.php HTTP/1.1" 500 3622
::1 - - [03/Jun/2019:20:00:12 +0000] "GET /SDEV300/Lab3.php HTTP/1.1" 500 3622
::1 - - [03/Jun/2019:20:00:13 +0000] "GET /SDEV300/Lab3.php HTTP/1.1" 500 3622
::1 - - [03/Jun/2019:20:00:42 +0000] "GET /SDEV300/Lab3.php HTTP/1.1" 500 3622
::1 - - [03/Jun/2019:20:02:51 +0000] "GET /SDEV300/Lab3.php HTTP/1.1" 500 3622
::1 - - [03/Jun/2019:20:02:54 +0000] "GET /SDEV300/Lab3.php HTTP/1.1" 500 3622
::1 - - [03/Jun/2019:20:03:29 +0000] "GET /SDEV300/Lab3.php HTTP/1.1" 500 3622
::1 - - [03/Jun/2019:20:03:43 +0000] "GET /SDEV300/Lab3.php HTTP/1.1" 500 3622
::1 - - [03/Jun/2019:20:03:43 +0000] "GET /favicon.ico HTTP/1.1" 200 1150
::1 - - [03/Jun/2019:20:05:55 +0000] "GET /SDEV300/Lab3.php HTTP/1.1" 200 1205
::1 - - [03/Jun/2019:20:06:06 +0000] "GET /SDEV300/Lab3.php HTTP/1.1" 200 1205
::1 - - [03/Jun/2019:20:07:17 +0000] "GET /SDEV300/Lab3.php HTTP/1.1" 200 1206
::1 - - [03/Jun/2019:20:09:54 +0000] "GET /SDEV300/Lab3.php HTTP/1.1" 200 1288
::1 - - [03/Jun/2019:20:13:51 +0000] "GET /SDEV300/Lab3.php HTTP/1.1" 500 -
::1 - - [03/Jun/2019:20:14:28 +0000] "GET /SDEV300/Lab3.php HTTP/1.1" 500 -
::1 - - [03/Jun/2019:20:14:58 +0000] "GET /SDEV300/Lab3.php HTTP/1.1" 500 -
::1 - - [03/Jun/2019:20:15:14 +0000] "GET /SDEV300/Lab3.php HTTP/1.1" 500 -
::1 - - [03/Jun/2019:20:15:15 +0000] "GET /SDEV300/Lab3.php HTTP/1.1" 500 -
::1 - - [03/Jun/2019:20:15:30 +0000] "GET /SDEV300/Lab3.php HTTP/1.1" 200 1288
::1 - - [03/Jun/2019:20:16:19 +0000] "GET /SDEV300/Lab3.php HTTP/1.1" 200 1288
::1 - - [03/Jun/2019:20:16:33 +0000] "GET /SDEV300/Lab3.php HTTP/1.1" 500 -
::1 - - [03/Jun/2019:20:16:46 +0000] "GET /SDEV300/Lab3.php HTTP/1.1" 200 1305
::1 - - [03/Jun/2019:20:16:56 +0000] "GET /SDEV300/Lab3.php HTTP/1.1" 200 1297
::1 - - [03/Jun/2019:20:17:05 +0000] "GET /SDEV300/Lab3.php HTTP/1.1" 200 1297
::1 - - [03/Jun/2019:20:17:06 +0000] "GET /SDEV300/Lab3.php HTTP/1.1" 200 1297
::1 - - [03/Jun/2019:20:17:07 +0000] "GET /SDEV300/Lab3.php HTTP/1.1" 200 1297
::1 - - [03/Jun/2019:20:17:24 +0000] "GET /SDEV300/Lab3.php HTTP/1.1" 200 1297
::1 - - [03/Jun/2019:20:21:56 +0000] "GET /SDEV300/Lab3.php HTTP/1.1" 200 1650
::1 - - [03/Jun/2019:20:22:16 +0000] "GET /SDEV300/Lab3.php HTTP/1.1" 200 1656
::1 - - [03/Jun/2019:20:22:48 +0000] "GET /SDEV300/Lab3.php HTTP/1.1" 200 1653
::1 - - [03/Jun/2019:20:23:10 +0000] "GET /SDEV300/Lab3.php HTTP/1.1" 200 1618
::1 - - [03/Jun/2019:20:24:27 +0000] "GET /SDEV300/Lab3.php HTTP/1.1" 200 1620
::1 - - [03/Jun/2019:20:24:44 +0000] "GET /SDEV300/Lab3.php HTTP/1.1" 200 1619
::1 - - [03/Jun/2019:20:24:50 +0000] "GET /SDEV300/Lab3.php HTTP/1.1" 200 1618
::1 - - [03/Jun/2019:20:24:51 +0000] "GET /SDEV300/Lab3.php HTTP/1.1" 200 1616
::1 - - [03/Jun/2019:20:24:51 +0000] "GET /SDEV300/Lab3.php HTTP/1.1" 200 1621
::1 - - [03/Jun/2019:20:24:52 +0000] "GET /SDEV300/Lab3.php HTTP/1.1" 200 1615
::1 - - [03/Jun/2019:20:26:05 +0000] "GET /SDEV300/Lab3.php HTTP/1.1" 200 1617
::1 - - [03/Jun/2019:20:26:07 +0000] "GET /SDEV300/Lab3.php HTTP/1.1" 200 1619
::1 - - [03/Jun/2019:20:26:08 +0000] "GET /SDEV300/Lab3.php HTTP/1.1" 200 1616
::1 - - [03/Jun/2019:20:30:09 +0000] "GET /SDEV300/Lab3.php HTTP/1.1" 200 1620
::1 - - [03/Jun/2019:20:30:54 +0000] "GET /SDEV300/Lab3.php HTTP/1.1" 200 1616
::1 - - [03/Jun/2019:20:30:56 +0000] "GET /SDEV300/Lab3.php HTTP/1.1" 200 1620
::1 - - [03/Jun/2019:20:30:57 +0000] "GET /SDEV300/Lab3.php HTTP/1.1" 200 1618
::1 - - [03/Jun/2019:20:31:47 +0000] "GET /SDEV300/Lab3.php HTTP/1.1" 500 -
::1 - - [03/Jun/2019:20:31:57 +0000] "GET /SDEV300/Lab3.php HTTP/1.1" 500 -
::1 - - [03/Jun/2019:20:32:12 +0000] "GET /SDEV300/Lab3.php HTTP/1.1" 500 -
::1 - - [03/Jun/2019:20:32:39 +0000] "GET /SDEV300/Lab3.php HTTP/1.1" 500 -
::1 - - [03/Jun/2019:20:32:41 +0000] "GET /SDEV300/Lab3.php HTTP/1.1" 500 -
::1 - - [03/Jun/2019:20:34:03 +0000] "GET /SDEV300/Lab3.php HTTP/1.1" 500 -
::1 - - [03/Jun/2019:20:34:16 +0000] "GET /SDEV300/Lab3.php HTTP/1.1" 500 -
::1 - - [03/Jun/2019:20:34:17 +0000] "GET /SDEV300/Lab3.php HTTP/1.1" 500 -
::1 - - [03/Jun/2019:20:37:13 +0000] "GET /SDEV300/Lab3.php HTTP/1.1" 200 1598
::1 - - [03/Jun/2019:20:37:43 +0000] "GET /SDEV300/Lab3.php HTTP/1.1" 200 1592
::1 - - [03/Jun/2019:20:38:09 +0000] "GET /SDEV300/Lab3.php HTTP/1.1" 200 1597
::1 - - [03/Jun/2019:20:38:11 +0000] "GET /SDEV300/Lab3.php HTTP/1.1" 200 1600
::1 - - [03/Jun/2019:20:38:12 +0000] "GET /SDEV300/Lab3.php HTTP/1.1" 200 1598
::1 - - [03/Jun/2019:20:38:12 +0000] "GET /SDEV300/Lab3.php HTTP/1.1" 200 1586
::1 - - [03/Jun/2019:20:38:13 +0000] "GET /SDEV300/Lab3.php HTTP/1.1" 200 1598
::1 - - [03/Jun/2019:20:38:13 +0000] "GET /SDEV300/Lab3.php HTTP/1.1" 200 1597
::1 - - [03/Jun/2019:20:38:50 +0000] "GET /SDEV300/Lab3.php HTTP/1.1" 200 1591
::1 - - [03/Jun/2019:21:00:43 +0000] "GET /SDEV300/KresimirTokicDiscussion.php HTTP/1.1" 404 233
::1 - - [03/Jun/2019:21:01:26 +0000] "GET /SDEV300/KresimirTokicDiscussion.php HTTP/1.1" 200 1586
::1 - - [03/Jun/2019:21:02:51 +0000] "GET /SDEV300/KresimirTokicDiscussion.php HTTP/1.1" 200 1578
::1 - - [03/Jun/2019:21:03:12 +0000] "GET /SDEV300/KresimirTokicDiscussion.php HTTP/1.1" 200 1584
::1 - - [03/Jun/2019:21:03:15 +0000] "GET /SDEV300/KresimirTokicDiscussion.php HTTP/1.1" 200 1584
::1 - - [03/Jun/2019:21:04:34 +0000] "GET /SDEV300/KresimirTokicDiscussion.php HTTP/1.1" 500 394
::1 - - [03/Jun/2019:21:07:15 +0000] "GET /SDEV300/KresimirTokicDiscussion.php HTTP/1.1" 500 -
::1 - - [03/Jun/2019:21:07:31 +0000] "GET /SDEV300/KresimirTokicDiscussion.php HTTP/1.1" 500 -
::1 - - [03/Jun/2019:21:07:45 +0000] "GET /SDEV300/KresimirTokicDiscussion.php HTTP/1.1" 500 -
::1 - - [03/Jun/2019:21:07:58 +0000] "GET /SDEV300/KresimirTokicDiscussion.php HTTP/1.1" 500 -
::1 - - [03/Jun/2019:21:07:59 +0000] "GET /SDEV300/KresimirTokicDiscussion.php HTTP/1.1" 500 -
::1 - - [03/Jun/2019:21:08:10 +0000] "GET /SDEV300/KresimirTokicDiscussion.php HTTP/1.1" 500 -
::1 - - [03/Jun/2019:21:08:39 +0000] "GET /SDEV300/KresimirTokicDiscussion.php HTTP/1.1" 500 -
::1 - - [03/Jun/2019:21:09:00 +0000] "GET /SDEV300/KresimirTokicDiscussion.php HTTP/1.1" 500 -
::1 - - [03/Jun/2019:21:09:16 +0000] "GET /SDEV300/KresimirTokicDiscussion.php HTTP/1.1" 500 -
::1 - - [03/Jun/2019:21:09:17 +0000] "GET /SDEV300/KresimirTokicDiscussion.php HTTP/1.1" 500 -
::1 - - [03/Jun/2019:21:09:18 +0000] "GET /SDEV300/KresimirTokicDiscussion.php HTTP/1.1" 500 -
::1 - - [03/Jun/2019:21:09:18 +0000] "GET /SDEV300/KresimirTokicDiscussion.php HTTP/1.1" 500 -
::1 - - [03/Jun/2019:21:09:18 +0000] "GET /SDEV300/KresimirTokicDiscussion.php HTTP/1.1" 500 -
::1 - - [03/Jun/2019:21:09:19 +0000] "GET /SDEV300/KresimirTokicDiscussion.php HTTP/1.1" 500 -
::1 - - [03/Jun/2019:21:09:30 +0000] "GET /SDEV300/KresimirTokicDiscussion.php HTTP/1.1" 500 -
::1 - - [03/Jun/2019:21:09:32 +0000] "GET /SDEV300/KresimirTokicDiscussion.php HTTP/1.1" 500 -
::1 - - [03/Jun/2019:21:09:34 +0000] "GET /SDEV300/KresimirTokicDiscussion.php HTTP/1.1" 500 -
::1 - - [05/Jun/2019:15:55:47 +0000] "GET /SDEV300/KresimirTokicDiscussion.php HTTP/1.1" 500 -
::1 - - [05/Jun/2019:15:55:47 +0000] "GET /favicon.ico HTTP/1.1" 200 1150
::1 - - [05/Jun/2019:15:56:20 +0000] "GET /SDEV300/KresimirTokicDiscussion.php HTTP/1.1" 200 292
::1 - - [05/Jun/2019:15:56:41 +0000] "GET /SDEV300/KresimirTokicDiscussion.php HTTP/1.1" 200 292
::1 - - [05/Jun/2019:15:56:53 +0000] "GET /SDEV300/KresimirTokicDiscussion.php HTTP/1.1" 200 292
::1 - - [05/Jun/2019:15:57:26 +0000] "GET /SDEV300/KresimirTokicDiscussion.php HTTP/1.1" 200 297
::1 - - [05/Jun/2019:15:59:25 +0000] "GET /SDEV300/KresimirTokicDiscussion.php HTTP/1.1" 200 297
::1 - - [05/Jun/2019:15:59:29 +0000] "GET /SDEV300/KresimirTokicDiscussion.php HTTP/1.1" 200 297
::1 - - [05/Jun/2019:16:01:44 +0000] "GET /SDEV300/KresimirTokicDiscussion.php HTTP/1.1" 500 -
::1 - - [05/Jun/2019:16:01:46 +0000] "GET /SDEV300/KresimirTokicDiscussion.php HTTP/1.1" 500 -
::1 - - [05/Jun/2019:16:01:56 +0000] "GET /SDEV300/KresimirTokicDiscussion.php HTTP/1.1" 200 288
::1 - - [05/Jun/2019:16:02:39 +0000] "GET /SDEV300/KresimirTokicDiscussion.php HTTP/1.1" 200 288
::1 - - [05/Jun/2019:16:02:44 +0000] "GET /SDEV300/KresimirTokicDiscussion.php HTTP/1.1" 200 288
::1 - - [05/Jun/2019:16:02:46 +0000] "GET /SDEV300/KresimirTokicDiscussion.php HTTP/1.1" 200 288
::1 - - [05/Jun/2019:16:02:47 +0000] "GET /SDEV300/KresimirTokicDiscussion.php HTTP/1.1" 200 288
::1 - - [05/Jun/2019:16:02:48 +0000] "GET /SDEV300/KresimirTokicDiscussion.php HTTP/1.1" 200 288
::1 - - [05/Jun/2019:16:02:49 +0000] "GET /SDEV300/KresimirTokicDiscussion.php HTTP/1.1" 200 288
::1 - - [05/Jun/2019:16:02:49 +0000] "GET /SDEV300/KresimirTokicDiscussion.php HTTP/1.1" 200 288
::1 - - [05/Jun/2019:16:03:01 +0000] "GET /SDEV300/KresimirTokicDiscussion.php HTTP/1.1" 200 288
::1 - - [05/Jun/2019:16:03:02 +0000] "GET /SDEV300/KresimirTokicDiscussion.php HTTP/1.1" 200 288
::1 - - [05/Jun/2019:16:03:12 +0000] "GET /SDEV300/KresimirTokicDiscussion.php HTTP/1.1" 200 288
::1 - - [05/Jun/2019:16:03:27 +0000] "GET /SDEV300/KresimirTokicDiscussion.php HTTP/1.1" 200 288
::1 - - [05/Jun/2019:16:03:43 +0000] "GET /SDEV300/KresimirTokicDiscussion.php HTTP/1.1" 200 295
::1 - - [05/Jun/2019:16:03:54 +0000] "GET /SDEV300/KresimirTokicDiscussion.php HTTP/1.1" 200 295
::1 - - [05/Jun/2019:16:04:16 +0000] "GET /SDEV300/KresimirTokicDiscussion.php HTTP/1.1" 200 295
::1 - - [05/Jun/2019:16:04:19 +0000] "GET /SDEV300/KresimirTokicDiscussion.php HTTP/1.1" 200 295
::1 - - [05/Jun/2019:16:04:39 +0000] "GET /SDEV300/KresimirTokicDiscussion.php HTTP/1.1" 200 295
::1 - - [05/Jun/2019:16:04:41 +0000] "GET /SDEV300/KresimirTokicDiscussion.php HTTP/1.1" 200 295
::1 - - [05/Jun/2019:16:05:11 +0000] "GET /SDEV300/KresimirTokicDiscussion.php HTTP/1.1" 200 297
::1 - - [05/Jun/2019:16:05:34 +0000] "GET /SDEV300/KresimirTokicDiscussion.php HTTP/1.1" 200 297
::1 - - [05/Jun/2019:16:10:13 +0000] "GET /SDEV300/KresimirTokicDiscussion.php HTTP/1.1" 500 388
::1 - - [05/Jun/2019:16:10:14 +0000] "GET /SDEV300/KresimirTokicDiscussion.php HTTP/1.1" 500 388
::1 - - [05/Jun/2019:16:10:47 +0000] "GET /SDEV300/KresimirTokicDiscussion.php HTTP/1.1" 500 388
::1 - - [05/Jun/2019:16:11:25 +0000] "GET /SDEV300/KresimirTokicDiscussion.php HTTP/1.1" 500 388
::1 - - [05/Jun/2019:16:11:26 +0000] "GET /SDEV300/KresimirTokicDiscussion.php HTTP/1.1" 500 388
::1 - - [05/Jun/2019:16:11:39 +0000] "GET /SDEV300/KresimirTokicDiscussion.php HTTP/1.1" 500 388
::1 - - [05/Jun/2019:16:11:41 +0000] "GET /SDEV300/KresimirTokicDiscussion.php HTTP/1.1" 500 388
::1 - - [05/Jun/2019:16:11:55 +0000] "GET /SDEV300/KresimirTokicDiscussion.php HTTP/1.1" 500 388
::1 - - [05/Jun/2019:16:11:57 +0000] "GET /SDEV300/KresimirTokicDiscussion.php HTTP/1.1" 500 388
::1 - - [05/Jun/2019:16:12:55 +0000] "GET /SDEV300/KresimirTokicDiscussion.php HTTP/1.1" 200 292
::1 - - [05/Jun/2019:16:13:03 +0000] "GET /SDEV300/KresimirTokicDiscussion.php HTTP/1.1" 200 292
::1 - - [05/Jun/2019:16:13:18 +0000] "GET /SDEV300/KresimirTokicDiscussion.php HTTP/1.1" 200 292
::1 - - [05/Jun/2019:16:13:19 +0000] "GET /SDEV300/KresimirTokicDiscussion.php HTTP/1.1" 200 292
::1 - - [05/Jun/2019:16:13:40 +0000] "GET /SDEV300/KresimirTokicDiscussion.php HTTP/1.1" 200 292
::1 - - [05/Jun/2019:16:13:42 +0000] "GET /SDEV300/KresimirTokicDiscussion.php HTTP/1.1" 200 292
::1 - - [05/Jun/2019:16:13:48 +0000] "GET /SDEV300/KresimirTokicDiscussion.php HTTP/1.1" 200 292
::1 - - [05/Jun/2019:16:13:48 +0000] "GET /favicon.ico HTTP/1.1" 200 1150
::1 - - [05/Jun/2019:16:14:54 +0000] "GET /SDEV300/KresimirTokicDiscussion.php HTTP/1.1" 200 319
::1 - - [05/Jun/2019:17:28:35 +0000] "GET /SDEV300/Lab3.php HTTP/1.1" 200 1587
::1 - - [05/Jun/2019:17:31:07 +0000] "GET /SDEV300/Lab3.php HTTP/1.1" 500 -
::1 - - [05/Jun/2019:17:31:47 +0000] "GET /SDEV300/Lab3.php HTTP/1.1" 200 1549
::1 - - [05/Jun/2019:17:32:25 +0000] "GET /SDEV300/Lab3.php HTTP/1.1" 200 1562
::1 - - [05/Jun/2019:17:34:18 +0000] "GET /SDEV300/Lab3.php HTTP/1.1" 200 1616
::1 - - [05/Jun/2019:17:34:31 +0000] "GET /SDEV300/Lab3.php HTTP/1.1" 200 1606
::1 - - [05/Jun/2019:17:35:30 +0000] "GET /SDEV300/Lab3.php HTTP/1.1" 200 1611
::1 - - [05/Jun/2019:17:35:33 +0000] "GET /SDEV300/Lab3.php HTTP/1.1" 200 1593
::1 - - [05/Jun/2019:17:37:06 +0000] "GET /SDEV300/Lab3.php HTTP/1.1" 200 1610
